<?xml version="1.0" encoding="UTF-8"?>
<!-- Generated by org.testng.reporters.JUnitXMLReporter -->
<testsuite ignored="0" hostname="l1000122741" failures="0" tests="3" name="RestAssuredTraining" time="0.037" errors="0" timestamp="2022-03-13T17:38:57 GMT+02:00">
  <testcase classname="TestRestAssured" name="setUp" time="0.006"/>
  <testcase classname="TestRestAssured" name="testStep1" time="0.0"/>
  <testcase classname="TestRestAssured" name="tearDown" time="0.001"/>
</testsuite> <!-- RestAssuredTraining -->
