<?xml version="1.0" encoding="UTF-8"?>
<testng-results ignored="0" total="3" passed="3" failed="0" skipped="0">
  <reporter-output>
  </reporter-output>
  <suite started-at="2022-03-13T17:38:57 GMT+02:00" name="Default Suite" finished-at="2022-03-13T17:38:57 GMT+02:00" duration-ms="37">
    <groups>
    </groups>
    <test started-at="2022-03-13T17:38:57 GMT+02:00" name="RestAssuredTraining" finished-at="2022-03-13T17:38:57 GMT+02:00" duration-ms="37">
      <class name="TestRestAssured">
        <test-method signature="setUp()[pri:1, instance:TestRestAssured@c730b35]" started-at="2022-03-13T17:38:57 GMT+02:00" name="setUp" finished-at="2022-03-13T17:38:57 GMT+02:00" duration-ms="6" status="PASS">
          <reporter-output>
          </reporter-output>
        </test-method> <!-- setUp -->
        <test-method signature="testStep1()[pri:2, instance:TestRestAssured@c730b35]" started-at="2022-03-13T17:38:57 GMT+02:00" name="testStep1" finished-at="2022-03-13T17:38:57 GMT+02:00" duration-ms="0" status="PASS">
          <reporter-output>
          </reporter-output>
        </test-method> <!-- testStep1 -->
        <test-method signature="tearDown()[pri:3, instance:TestRestAssured@c730b35]" started-at="2022-03-13T17:38:57 GMT+02:00" name="tearDown" finished-at="2022-03-13T17:38:57 GMT+02:00" duration-ms="1" status="PASS">
          <reporter-output>
          </reporter-output>
        </test-method> <!-- tearDown -->
      </class> <!-- TestRestAssured -->
    </test> <!-- RestAssuredTraining -->
  </suite> <!-- Default Suite -->
</testng-results>
